app/build/outputs/mapping/release/seeds.txt
com.example.chilidisease.detector.RoboflowConfig
com.example.chilidisease.SplashActivity
com.example.chilidisease.detector.ModelConfig$MobileNetV4
com.example.chilidisease.detector.ModelConfig$SsdMobileNet
com.example.chilidisease.detector.RoboflowRemoteDetector
com.example.chilidisease.detector.DetectionResult
com.example.chilidisease.detector.RoboflowRemoteDetector$RoboflowApi$DefaultImpls
com.example.chilidisease.DetectionHistoryActivity
com.example.chilidisease.PhotoAnalysisActivity
com.example.chilidisease.detector.RoboflowRemoteDetector$RoboflowApi
com.example.chilidisease.detector.YoloV8Detector
com.example.chilidisease.detector.ChiliDiseaseDetector$runClassification$$inlined$sortedByDescending$1
com.example.chilidisease.detector.YoloV8Detector$applyNMS$$inlined$sortedByDescending$1
com.example.chilidisease.detector.RoboflowRemoteDetector$parseClassificationObject$$inlined$sortedByDescending$1
com.example.chilidisease.SettingsActivity$SettingsFragment
com.example.chilidisease.detector.ModelConfig$Custom
com.example.chilidisease.detector.ChiliPresenceGate$Component
com.example.chilidisease.detector.DiseaseInfo
com.example.chilidisease.detector.YoloV8Detector$Companion
com.example.chilidisease.detector.ModelConfig$YoloV8
com.example.chilidisease.utils.BenchmarkRunner
com.example.chilidisease.detector.RoboflowRemoteDetector$parseClassificationArray$$inlined$sortedByDescending$1
com.example.chilidisease.detector.ModelConfig$TeachableMachine
com.example.chilidisease.detector.ChiliDiseaseDetector$applyNMS$1
com.example.chilidisease.utils.FpsCounter
com.example.chilidisease.detector.RoboflowRemoteDetector$detect$1
com.example.chilidisease.ui.DetectionOverlayView
com.example.chilidisease.detector.ChiliDiseaseDetector$applyNMS$$inlined$sortedByDescending$1
com.example.chilidisease.detector.ChiliDiseaseDetector
com.example.chilidisease.utils.BenchmarkRunner$BenchmarkResult
com.example.chilidisease.detector.ChiliDiseaseDetector$Companion
com.example.chilidisease.detector.ModelConfig
com.example.chilidisease.utils.AppPreferences
com.example.chilidisease.detector.ClassProbability
com.example.chilidisease.utils.ImageUtils
com.example.chilidisease.detector.RoboflowRemoteDetector$parseObjectDetection$$inlined$sortedByDescending$1
com.example.chilidisease.detector.ChiliPresenceGate
com.example.chilidisease.MainActivity
com.example.chilidisease.detector.RoboflowRemoteDetector$Companion
com.example.chilidisease.utils.BenchmarkRunner$run$2
com.example.chilidisease.SettingsActivity
com.example.chilidisease.detector.ModelConfig$SsdMobileNet: int inputHeight
com.example.chilidisease.detector.ModelConfig$MobileNetV4: java.lang.String labelPath
com.example.chilidisease.detector.ModelConfig$YoloV8: java.lang.String modelPath
com.example.chilidisease.detector.ChiliPresenceGate: float MAX_AREA_RATIO
com.example.chilidisease.detector.RoboflowConfig: java.lang.String MODEL_VERSION
com.example.chilidisease.detector.ChiliPresenceGate$Component: int area
com.example.chilidisease.detector.YoloV8Detector: float[][][] outputBuffer
com.example.chilidisease.detector.ModelConfig$Custom: java.lang.String modelPath
com.example.chilidisease.utils.BenchmarkRunner$BenchmarkResult: long maxMs
com.example.chilidisease.utils.BenchmarkRunner$BenchmarkResult: long minMs
com.example.chilidisease.detector.YoloV8Detector: float iouThreshold
com.example.chilidisease.detector.ChiliDiseaseDetector: float confidenceThreshold
com.example.chilidisease.detector.RoboflowRemoteDetector$detect$1: java.lang.Object result
com.example.chilidisease.utils.BenchmarkRunner$BenchmarkResult: long p50Ms
com.example.chilidisease.detector.ChiliDiseaseDetector: java.lang.String TAG
com.example.chilidisease.utils.BenchmarkRunner$run$2: int $inputHeight
com.example.chilidisease.detector.YoloV8Detector: int inputSize
com.example.chilidisease.detector.YoloV8Detector: int BYTES_PER_FLOAT
com.example.chilidisease.detector.DetectionResult: int classIndex
...
androidx.camera.view.CameraController: androidx.camera.core.ImageCapture mImageCapture
kotlinx.coroutines.debug.internal.DebugCoroutineInfoImplKt: java.lang.String RUNNING
androidx.camera.camera2.internal.SynchronizedCaptureSessionImpl: androidx.camera.camera2.internal.compat.workaround.ForceCloseCaptureSession mForceCloseSessionQuirk
kotlinx.coroutines.CoroutineExceptionHandler$Key: kotlinx.coroutines.CoroutineExceptionHandler$Key $$INSTANCE
androidx.camera.core.CameraX: androidx.camera.core.impl.CameraFactory mCameraFactory
androidx.camera.core.ImageAnalysis$Defaults: int DEFAULT_ASPECT_RATIO
kotlinx.coroutines.flow.FlowKt__ShareKt$launchSharingDeferred$1: java.lang.Object L$0
androidx.camera.view.PreviewView$ScaleType: androidx.camera.view.PreviewView$ScaleType FIT_END
androidx.camera.extensions.internal.sessionprocessor.RequestBuilder: java.util.List mTargetOutputConfigIds
kotlinx.coroutines.flow.FlowKt__DelayKt$sample$2$values$1$1$emit$1: kotlinx.coroutines.flow.FlowKt__DelayKt$sample$2$values$1$1 this$0
kotlinx.coroutines.flow.FlowKt__BuildersKt$asFlow$$inlined$unsafeFlow$8$1: kotlinx.coroutines.flow.FlowKt__BuildersKt$asFlow$$inlined$unsafeFlow$8 this$0
androidx.camera.video.internal.encoder.AutoValue_AudioEncoderConfig$Builder: java.lang.Integer profile
androidx.camera.video.AutoValue_MediaStoreOutputOptions_MediaStoreOutputOptionsInternal: android.location.Location location
kotlinx.coroutines.flow.internal.FlowCoroutineKt$scopedFlow$1$1: kotlin.jvm.functions.Function3 $block
kotlinx.coroutines.flow.FlowKt__LimitKt$takeWhile$$inlined$unsafeFlow$1$1: java.lang.Object result
androidx.camera.core.UseCase$State: androidx.camera.core.UseCase$State INACTIVE
androidx.camera.video.Recorder: boolean mInProgressRecordingStopping
androidx.camera.video.internal.workaround.VideoEncoderInfoWrapper: android.util.Range mSupportedHeights
kotlinx.coroutines.flow.FlowKt__LimitKt$transformWhile$1: kotlinx.coroutines.flow.Flow $this_transformWhile
kotlinx.coroutines.debug.internal.ConcurrentWeakMap: java.util.concurrent.atomic.AtomicIntegerFieldUpdater _size$FU
kotlinx.coroutines.flow.FlowKt__LimitKt$takeWhile$$inlined$unsafeFlow$1: kotlin.jvm.functions.Function2 $predicate$inlined
kotlinx.coroutines.channels.ChannelsKt__DeprecatedKt$indexOf$1: int label
androidx.camera.core.impl.CaptureConfig$Builder: java.util.List mCameraCaptureCallbacks
kotlinx.coroutines.stream.StreamFlow: java.util.concurrent.atomic.AtomicIntegerFieldUpdater consumed$FU
androidx.camera.core.SurfaceRequest: android.util.Range FRAME_RATE_RANGE_UNSPECIFIED
kotlinx.coroutines.flow.FlowKt__ZipKt$combine$$inlined$combineUnsafe$FlowKt__ZipKt$3$2: kotlin.jvm.functions.Function6 $transform$inlined
androidx.camera.camera2.internal.CaptureSession: java.util.List mCaptureConfigs
androidx.camera.core.processing.SurfaceOutputImpl: boolean mMirroring
kotlinx.coroutines.JobSupportKt: int TRUE
kotlinx.coroutines.channels.ChannelsKt__DeprecatedKt$take$1: java.lang.Object L$1
kotlinx.coroutines.scheduling.SchedulerCoroutineDispatcher: int corePoolSize
androidx.camera.camera2.internal.CaptureSession: androidx.camera.camera2.internal.SynchronizedCaptureSession mSynchronizedCaptureSession
androidx.camera.view.CameraController$OutputSize: android.util.Size mResolution
kotlinx.coroutines.internal.LockFreeLinkedListNode: java.util.concurrent.atomic.AtomicReferenceFieldUpdater _removedRef$FU
androidx.camera.video.VideoCapture: androidx.camera.core.impl.DeferrableSurface mDeferrableSurface
kotlinx.coroutines.sync.SemaphoreKt: kotlinx.coroutines.internal.Symbol BROKEN
androidx.camera.view.CameraController: androidx.lifecycle.MutableLiveData mTapToFocusState
androidx.camera.core.imagecapture.NoMetadataImageReader: androidx.camera.core.impl.ImageReaderProxy mWrappedImageReader
androidx.camera.view.PreviewTransformation: boolean mHasCameraTransform
androidx.camera.core.imagecapture.ProcessingNode: androidx.camera.core.processing.Operation mJpegBytes2Disk