app/build/outputs/mapping/release/usage.txt
com.example.chilidisease.CameraViewModel$Companion
com.example.chilidisease.CameraViewModel$initModel$1$1
com.example.chilidisease.CameraViewModel$initModel$1$2
com.example.chilidisease.CameraViewModel$initModel$1
com.example.chilidisease.CameraViewModel$submitFrame$1$1
com.example.chilidisease.CameraViewModel$submitFrame$1
com.example.chilidisease.CameraViewModel$trackFps$1
com.example.chilidisease.CameraViewModel
com.example.chilidisease.DetectionHistoryActivity$HistoryAdapter$Companion:
    public final androidx.recyclerview.widget.DiffUtil$ItemCallback getDIFF()
com.example.chilidisease.DetectionHistoryActivity$HistoryAdapter:
    public static final synthetic androidx.recyclerview.widget.DiffUtil$ItemCallback access$getDIFF$cp()
com.example.chilidisease.MainActivity:
    private static final long NO_CHILI_UI_INTERVAL_MS
    private static final long ROBOFLOW_REALTIME_INTERVAL_MS
    private static final java.lang.String TAG
com.example.chilidisease.PhotoAnalysisActivity:
    public static final java.lang.String EXTRA_SOURCE
    public static final java.lang.String SOURCE_CAMERA
    public static final java.lang.String SOURCE_GALLERY
    private static final java.lang.String TAG
com.example.chilidisease.R$array
com.example.chilidisease.R$color:
    public static int black
    public static int md_theme_dark_primary
    public static int md_theme_dark_secondary
    public static int md_theme_light_primary
    public static int md_theme_light_secondary
    public static int transparent_black
    public static int transparent_white
    public static int transparent_white_dark
    public static int white
    private void <init>()
com.example.chilidisease.R$dimen
com.example.chilidisease.R$drawable
com.example.chilidisease.R$id:
    private void <init>()
com.example.chilidisease.R$layout:
    private void <init>()
com.example.chilidisease.R$mipmap
com.example.chilidisease.R$string:
    public static int analyzing
    public static int app_name
    public static int btn_history
    public static int btn_open_gallery
    public static int btn_pause
    public static int btn_resume
    public static int btn_take_photo
    public static int disease_anthracnose
    public static int disease_fusarium
    public static int disease_healthy
    public static int error_model_not_found
    public static int fps_format
    public static int history_empty
    public static int history_export
    public static int history_export_empty
    public static int history_export_success
    public static int inference_time
    public static int md_theme_light_primary_color
    public static int no_disease_detected
    public static int no_flash
    public static int photo_hint
    public static int save_to_gallery
    public static int share_photo_result
    public static int status_detecting
    public static int status_error
    public static int status_initializing
    public static int status_paused
    private void <init>()
com.example.chilidisease.R$style
com.example.chilidisease.R$xml:
    public static int backup_rules
    public static int data_extraction_rules
    public static int file_provider_paths
    private void <init>()
com.example.chilidisease.R
com.example.chilidisease.SettingsActivity$PrefsKey:
    public final float getConfidenceThreshold(android.content.SharedPreferences)
    public final long getInferenceIntervalMs(android.content.SharedPreferences)
    public final java.lang.String getModelType(android.content.SharedPreferences)
    public final boolean isGpuEnabled(android.content.SharedPreferences)
    public final boolean isNotificationsEnabled(android.content.SharedPreferences)
    public final boolean isSaveHistoryEnabled(android.content.SharedPreferences)
...
androidx.core.app.ActivityCompat$Api31Impl
androidx.core.app.ActivityCompat$Api32Impl
androidx.core.app.ActivityCompat$PermissionCompatDelegate:
    public abstract boolean onActivityResult(android.app.Activity,int,int,android.content.Intent)
androidx.core.app.ActivityCompat$SharedElementCallback21Impl
androidx.core.app.ActivityCompat:
    protected void <init>()
    public static void finishAfterTransition(android.app.Activity)
    public static androidx.core.app.ActivityCompat$PermissionCompatDelegate getPermissionCompatDelegate()
    public static android.net.Uri getReferrer(android.app.Activity)
    public static boolean invalidateOptionsMenu(android.app.Activity)
    public static boolean isLaunchedFromBubble(android.app.Activity)
    public static void postponeEnterTransition(android.app.Activity)
    public static androidx.core.view.DragAndDropPermissionsCompat requestDragAndDropPermissions(android.app.Activity,android.view.DragEvent)
    public static android.view.View requireViewById(android.app.Activity,int)
    public static void setEnterSharedElementCallback(android.app.Activity,androidx.core.app.SharedElementCallback)
    public static void setExitSharedElementCallback(android.app.Activity,androidx.core.app.SharedElementCallback)
    public static void setLocusContext(android.app.Activity,androidx.core.content.LocusIdCompat,android.os.Bundle)
    public static void setPermissionCompatDelegate(androidx.core.app.ActivityCompat$PermissionCompatDelegate)
    public static boolean shouldShowRequestPermissionRationale(android.app.Activity,java.lang.String)
    public static void startPostponedEnterTransition(android.app.Activity)
androidx.core.app.ActivityManagerCompat
androidx.core.app.ActivityOptionsCompat$ActivityOptionsCompatImpl
androidx.core.app.ActivityOptionsCompat$Api16Impl
androidx.core.app.ActivityOptionsCompat$Api21Impl
androidx.core.app.ActivityOptionsCompat$Api23Impl
androidx.core.app.ActivityOptionsCompat$Api24Impl
androidx.core.app.ActivityOptionsCompat:
    public static final java.lang.String EXTRA_USAGE_TIME_REPORT
    public static final java.lang.String EXTRA_USAGE_TIME_REPORT_PACKAGES
    protected void <init>()
    public android.graphics.Rect getLaunchBounds()
    public static androidx.core.app.ActivityOptionsCompat makeBasic()
    public static androidx.core.app.ActivityOptionsCompat makeClipRevealAnimation(android.view.View,int,int,int,int)
    public static androidx.core.app.ActivityOptionsCompat makeCustomAnimation(android.content.Context,int,int)
    public static androidx.core.app.ActivityOptionsCompat makeScaleUpAnimation(android.view.View,int,int,int,int)
    public static androidx.core.app.ActivityOptionsCompat makeSceneTransitionAnimation(android.app.Activity,android.view.View,java.lang.String)
    public static varargs androidx.core.app.ActivityOptionsCompat makeSceneTransitionAnimation(android.app.Activity,androidx.core.util.Pair[])
    public static androidx.core.app.ActivityOptionsCompat makeTaskLaunchBehind()
    public static androidx.core.app.ActivityOptionsCompat makeThumbnailScaleUpAnimation(android.view.View,android.graphics.Bitmap,int,int)
    public void requestUsageTimeReport(android.app.PendingIntent)
    public androidx.core.app.ActivityOptionsCompat setLaunchBounds(android.graphics.Rect)
    public void update(androidx.core.app.ActivityOptionsCompat)
androidx.core.app.ActivityRecreator:
    private static final java.lang.String LOG_TAG
    private void <init>()
androidx.core.app.AlarmManagerCompat$Api19Impl
androidx.core.app.AlarmManagerCompat$Api21Impl
androidx.core.app.AlarmManagerCompat$Api23Impl
androidx.core.app.AlarmManagerCompat
androidx.core.app.AppComponentFactory
androidx.core.app.AppLaunchChecker
androidx.core.app.AppLocalesStorageHelper
androidx.core.app.AppOpsManagerCompat$Api19Impl
androidx.core.app.AppOpsManagerCompat$Api23Impl:
    private void <init>()
androidx.core.app.AppOpsManagerCompat$Api29Impl:
    private void <init>()